"2023-02-01 11:02:54 [restartedMain] INFO  c.c.a.AuthorizationApplication - Starting AuthorizationApplication using Java 17.0.4.1 on DESKTOP-IVTPVRU with PID 2308 (D:\Prodigi team A\Prodigi-Lions-Club\Backend\Authorization\target\classes started by holla in D:\Prodigi team A\Prodigi-Lions-Club\Backend\Authorization)
""2023-02-01 11:02:54 [restartedMain] INFO  c.c.a.AuthorizationApplication - No active profile set, falling back to 1 default profile: "default"
""2023-02-01 11:02:54 [restartedMain] INFO  o.s.b.d.e.DevToolsPropertyDefaultsPostProcessor - Devtools property defaults active! Set 'spring.devtools.add-properties' to 'false' to disable
""2023-02-01 11:02:54 [restartedMain] INFO  o.s.b.d.e.DevToolsPropertyDefaultsPostProcessor - For additional web related logging consider setting the 'logging.level.web' property to 'DEBUG'
""2023-02-01 11:02:55 [restartedMain] INFO  o.s.d.r.c.RepositoryConfigurationDelegate - Bootstrapping Spring Data JPA repositories in DEFAULT mode.
""2023-02-01 11:02:55 [restartedMain] INFO  o.s.d.r.c.RepositoryConfigurationDelegate - Finished Spring Data repository scanning in 32 ms. Found 1 JPA repository interfaces.
""2023-02-01 11:02:55 [restartedMain] INFO  o.s.b.w.e.tomcat.TomcatWebServer - Tomcat initialized with port(s): 8081 (http)
""2023-02-01 11:02:55 [restartedMain] INFO  o.a.catalina.core.StandardService - Starting service [Tomcat]
""2023-02-01 11:02:55 [restartedMain] INFO  o.a.catalina.core.StandardEngine - Starting Servlet engine: [Apache Tomcat/9.0.58]
""2023-02-01 11:02:56 [restartedMain] INFO  o.a.c.c.C.[Tomcat].[localhost].[/] - Initializing Spring embedded WebApplicationContext
""2023-02-01 11:02:56 [restartedMain] INFO  o.s.b.w.s.c.ServletWebServerApplicationContext - Root WebApplicationContext: initialization completed in 1887 ms
""2023-02-01 11:02:56 [restartedMain] INFO  com.zaxxer.hikari.HikariDataSource - HikariPool-1 - Starting...
""2023-02-01 11:02:56 [restartedMain] INFO  com.zaxxer.hikari.HikariDataSource - HikariPool-1 - Start completed.
""2023-02-01 11:02:56 [restartedMain] INFO  o.s.b.a.h.H2ConsoleAutoConfiguration - H2 console available at '/h2'. Database available at 'jdbc:h2:mem:pms'
""2023-02-01 11:02:56 [restartedMain] INFO  o.h.jpa.internal.util.LogHelper - HHH000204: Processing PersistenceUnitInfo [name: default]
""2023-02-01 11:02:56 [restartedMain] INFO  org.hibernate.Version - HHH000412: Hibernate ORM core version 5.6.5.Final
""2023-02-01 11:02:56 [restartedMain] INFO  o.h.annotations.common.Version - HCANN000001: Hibernate Commons Annotations {5.1.2.Final}
""2023-02-01 11:02:56 [restartedMain] INFO  org.hibernate.dialect.Dialect - HHH000400: Using dialect: org.hibernate.dialect.H2Dialect
""2023-02-01 11:02:57 [restartedMain] INFO  o.h.e.t.j.p.i.JtaPlatformInitiator - HHH000490: Using JtaPlatform implementation: [org.hibernate.engine.transaction.jta.platform.internal.NoJtaPlatform]
""2023-02-01 11:02:57 [restartedMain] INFO  o.s.o.j.LocalContainerEntityManagerFactoryBean - Initialized JPA EntityManagerFactory for persistence unit 'default'
""2023-02-01 11:02:57 [restartedMain] WARN  o.s.b.a.o.j.JpaBaseConfiguration$JpaWebConfiguration - spring.jpa.open-in-view is enabled by default. Therefore, database queries may be performed during view rendering. Explicitly configure spring.jpa.open-in-view to disable this warning
""2023-02-01 11:02:58 [restartedMain] INFO  o.s.s.web.DefaultSecurityFilterChain - Will not secure any request
""2023-02-01 11:02:58 [restartedMain] INFO  o.s.b.d.a.OptionalLiveReloadServer - LiveReload server is running on port 35729
""2023-02-01 11:02:58 [restartedMain] INFO  o.s.b.w.e.tomcat.TomcatWebServer - Tomcat started on port(s): 8081 (http) with context path ''
""2023-02-01 11:02:58 [restartedMain] INFO  c.c.a.AuthorizationApplication - Started AuthorizationApplication in 4.676 seconds (JVM running for 5.52)
""2023-02-01 11:03:04 [http-nio-8081-exec-1] INFO  o.a.c.c.C.[Tomcat].[localhost].[/] - Initializing Spring DispatcherServlet 'dispatcherServlet'
""2023-02-01 11:03:04 [http-nio-8081-exec-1] INFO  o.s.web.servlet.DispatcherServlet - Initializing Servlet 'dispatcherServlet'
""2023-02-01 11:03:04 [http-nio-8081-exec-1] INFO  o.s.web.servlet.DispatcherServlet - Completed initialization in 2 ms
""2023-02-01 11:04:19 [http-nio-8081-exec-7] INFO  c.c.a.controller.AuthController - Authentication started....
""2023-02-01 11:04:19 [http-nio-8081-exec-7] INFO  c.c.a.controller.AuthController - Authentication successfully..
""2023-02-01 11:04:19 [http-nio-8081-exec-7] INFO  c.c.a.controller.AuthController - Received request to generate token for Shrinidhi
""2023-02-01 11:04:19 [http-nio-8081-exec-7] INFO  c.c.a.controller.AuthController - message
""2023-02-01 11:11:19 [http-nio-8081-exec-9] INFO  c.c.a.controller.AuthController - Authentication started....
""2023-02-01 11:11:19 [http-nio-8081-exec-9] INFO  c.c.a.controller.AuthController - Authentication successfully..
""2023-02-01 11:11:19 [http-nio-8081-exec-9] INFO  c.c.a.controller.AuthController - Received request to generate token for Karthik
""2023-02-01 11:11:19 [http-nio-8081-exec-9] INFO  c.c.a.controller.AuthController - message
""2023-02-01 11:12:35 [http-nio-8081-exec-10] INFO  c.c.a.controller.AuthController - Authentication started....
""2023-02-01 11:12:35 [http-nio-8081-exec-10] INFO  c.c.a.controller.AuthController - Authentication successfully..
""2023-02-01 11:12:35 [http-nio-8081-exec-10] INFO  c.c.a.controller.AuthController - Received request to generate token for Sai
""2023-02-01 11:12:35 [http-nio-8081-exec-10] INFO  c.c.a.controller.AuthController - message
""2023-02-01 12:02:17 [http-nio-8081-exec-1] INFO  c.c.a.controller.AuthController - Authentication started....
""2023-02-01 12:02:17 [http-nio-8081-exec-1] INFO  c.c.a.controller.AuthController - Authentication successfully..
""2023-02-01 12:02:17 [http-nio-8081-exec-1] INFO  c.c.a.controller.AuthController - Received request to generate token for Shrinidhi
""2023-02-01 12:02:17 [http-nio-8081-exec-1] INFO  c.c.a.controller.AuthController - message
""2023-02-01 12:08:07 [http-nio-8081-exec-4] INFO  c.c.a.controller.AuthController - Authentication started....
""2023-02-01 12:08:07 [http-nio-8081-exec-4] INFO  c.c.a.controller.AuthController - Authentication successfully..
""2023-02-01 12:08:07 [http-nio-8081-exec-4] INFO  c.c.a.controller.AuthController - Received request to generate token for Shrinidhi
""2023-02-01 12:08:07 [http-nio-8081-exec-4] INFO  c.c.a.controller.AuthController - message
""2023-02-01 12:11:43 [http-nio-8081-exec-6] INFO  c.c.a.controller.AuthController - Authentication started....
""2023-02-01 12:11:43 [http-nio-8081-exec-6] ERROR c.c.a.controller.AuthController - Authentication is failed...
""2023-02-01 12:11:43 [http-nio-8081-exec-6] ERROR o.a.c.c.C.[.[.[.[dispatcherServlet] - Servlet.service() for servlet [dispatcherServlet] in context with path [] threw exception [Request processing failed; nested exception is com.cts.authorization.exception.UserNotFoundException: INVALID_CREDENTIALS] with root cause
"com.cts.authorization.exception.UserNotFoundException: INVALID_CREDENTIALS
	at com.cts.authorization.controller.AuthController.authenticate(AuthController.java:67)
	at com.cts.authorization.controller.AuthController.createAuthenticationToken(AuthController.java:47)
	at java.base/jdk.internal.reflect.NativeMethodAccessorImpl.invoke0(Native Method)
	at java.base/jdk.internal.reflect.NativeMethodAccessorImpl.invoke(NativeMethodAccessorImpl.java:77)
	at java.base/jdk.internal.reflect.DelegatingMethodAccessorImpl.invoke(DelegatingMethodAccessorImpl.java:43)
	at java.base/java.lang.reflect.Method.invoke(Method.java:568)
	at org.springframework.web.method.support.InvocableHandlerMethod.doInvoke(InvocableHandlerMethod.java:205)
	at org.springframework.web.method.support.InvocableHandlerMethod.invokeForRequest(InvocableHandlerMethod.java:150)
	at org.springframework.web.servlet.mvc.method.annotation.ServletInvocableHandlerMethod.invokeAndHandle(ServletInvocableHandlerMethod.java:117)
	at org.springframework.web.servlet.mvc.method.annotation.RequestMappingHandlerAdapter.invokeHandlerMethod(RequestMappingHandlerAdapter.java:895)
	at org.springframework.web.servlet.mvc.method.annotation.RequestMappingHandlerAdapter.handleInternal(RequestMappingHandlerAdapter.java:808)
	at org.springframework.web.servlet.mvc.method.AbstractHandlerMethodAdapter.handle(AbstractHandlerMethodAdapter.java:87)
	at org.springframework.web.servlet.DispatcherServlet.doDispatch(DispatcherServlet.java:1067)
	at org.springframework.web.servlet.DispatcherServlet.doService(DispatcherServlet.java:963)
	at org.springframework.web.servlet.FrameworkServlet.processRequest(FrameworkServlet.java:1006)
	at org.springframework.web.servlet.FrameworkServlet.doPost(FrameworkServlet.java:909)
	at javax.servlet.http.HttpServlet.service(HttpServlet.java:681)
	at org.springframework.web.servlet.FrameworkServlet.service(FrameworkServlet.java:883)
	at javax.servlet.http.HttpServlet.service(HttpServlet.java:764)
	at org.apache.catalina.core.ApplicationFilterChain.internalDoFilter(ApplicationFilterChain.java:227)
	at org.apache.catalina.core.ApplicationFilterChain.doFilter(ApplicationFilterChain.java:162)
	at org.apache.tomcat.websocket.server.WsFilter.doFilter(WsFilter.java:53)
	at org.apache.catalina.core.ApplicationFilterChain.internalDoFilter(ApplicationFilterChain.java:189)
	at org.apache.catalina.core.ApplicationFilterChain.doFilter(ApplicationFilterChain.java:162)
	at org.springframework.web.filter.OncePerRequestFilter.doFilter(OncePerRequestFilter.java:111)
	at org.apache.catalina.core.ApplicationFilterChain.internalDoFilter(ApplicationFilterChain.java:189)
	at org.apache.catalina.core.ApplicationFilterChain.doFilter(ApplicationFilterChain.java:162)
	at org.springframework.security.web.FilterChainProxy$VirtualFilterChain.doFilter(FilterChainProxy.java:327)
	at org.springframework.security.web.access.intercept.FilterSecurityInterceptor.invoke(FilterSecurityInterceptor.java:115)
	at org.springframework.security.web.access.intercept.FilterSecurityInterceptor.doFilter(FilterSecurityInterceptor.java:81)
	at org.springframework.security.web.FilterChainProxy$VirtualFilterChain.doFilter(FilterChainProxy.java:336)
	at org.springframework.security.web.access.ExceptionTranslationFilter.doFilter(ExceptionTranslationFilter.java:122)
	at org.springframework.security.web.access.ExceptionTranslationFilter.doFilter(ExceptionTranslationFilter.java:116)
	at org.springframework.security.web.FilterChainProxy$VirtualFilterChain.doFilter(FilterChainProxy.java:336)
	at org.springframework.security.web.session.SessionManagementFilter.doFilter(SessionManagementFilter.java:126)
	at org.springframework.security.web.session.SessionManagementFilter.doFilter(SessionManagementFilter.java:81)
	at org.springframework.security.web.FilterChainProxy$VirtualFilterChain.doFilter(FilterChainProxy.java:336)
	at org.springframework.security.web.authentication.AnonymousAuthenticationFilter.doFilter(AnonymousAuthenticationFilter.java:109)
	at org.springframework.security.web.FilterChainProxy$VirtualFilterChain.doFilter(FilterChainProxy.java:336)
	at org.springframework.security.web.servletapi.SecurityContextHolderAwareRequestFilter.doFilter(SecurityContextHolderAwareRequestFilter.java:149)
	at org.springframework.security.web.FilterChainProxy$VirtualFilterChain.doFilter(FilterChainProxy.java:336)
	at org.springframework.security.web.savedrequest.RequestCacheAwareFilter.doFilter(RequestCacheAwareFilter.java:63)
	at org.springframework.security.web.FilterChainProxy$VirtualFilterChain.doFilter(FilterChainProxy.java:336)
	at com.cts.authorization.util.JwtRequestFilter.doFilterInternal(JwtRequestFilter.java:64)
	at org.springframework.web.filter.OncePerRequestFilter.doFilter(OncePerRequestFilter.java:117)
	at org.springframework.security.web.FilterChainProxy$VirtualFilterChain.doFilter(FilterChainProxy.java:336)
	at org.springframework.security.web.authentication.logout.LogoutFilter.doFilter(LogoutFilter.java:103)
	at org.springframework.security.web.authentication.logout.LogoutFilter.doFilter(LogoutFilter.java:89)
	at org.springframework.security.web.FilterChainProxy$VirtualFilterChain.doFilter(FilterChainProxy.java:336)
	at org.springframework.security.web.header.HeaderWriterFilter.doHeadersAfter(HeaderWriterFilter.java:90)
	at org.springframework.security.web.header.HeaderWriterFilter.doFilterInternal(HeaderWriterFilter.java:75)
	at org.springframework.web.filter.OncePerRequestFilter.doFilter(OncePerRequestFilter.java:117)
	at org.springframework.security.web.FilterChainProxy$VirtualFilterChain.doFilter(FilterChainProxy.java:336)
	at org.springframework.security.web.context.SecurityContextPersistenceFilter.doFilter(SecurityContextPersistenceFilter.java:110)
	at org.springframework.security.web.context.SecurityContextPersistenceFilter.doFilter(SecurityContextPersistenceFilter.java:80)
	at org.springframework.security.web.FilterChainProxy$VirtualFilterChain.doFilter(FilterChainProxy.java:336)
	at org.springframework.security.web.context.request.async.WebAsyncManagerIntegrationFilter.doFilterInternal(WebAsyncManagerIntegrationFilter.java:55)
	at org.springframework.web.filter.OncePerRequestFilter.doFilter(OncePerRequestFilter.java:117)
	at org.springframework.security.web.FilterChainProxy$VirtualFilterChain.doFilter(FilterChainProxy.java:336)
	at org.springframework.security.web.FilterChainProxy.doFilterInternal(FilterChainProxy.java:211)
	at org.springframework.security.web.FilterChainProxy.doFilter(FilterChainProxy.java:183)
	at org.springframework.web.filter.DelegatingFilterProxy.invokeDelegate(DelegatingFilterProxy.java:354)
	at org.springframework.web.filter.DelegatingFilterProxy.doFilter(DelegatingFilterProxy.java:267)
	at org.apache.catalina.core.ApplicationFilterChain.internalDoFilter(ApplicationFilterChain.java:189)
	at org.apache.catalina.core.ApplicationFilterChain.doFilter(ApplicationFilterChain.java:162)
	at org.springframework.web.filter.RequestContextFilter.doFilterInternal(RequestContextFilter.java:100)
	at org.springframework.web.filter.OncePerRequestFilter.doFilter(OncePerRequestFilter.java:117)
	at org.apache.catalina.core.ApplicationFilterChain.internalDoFilter(ApplicationFilterChain.java:189)
	at org.apache.catalina.core.ApplicationFilterChain.doFilter(ApplicationFilterChain.java:162)
	at org.springframework.web.filter.FormContentFilter.doFilterInternal(FormContentFilter.java:93)
	at org.springframework.web.filter.OncePerRequestFilter.doFilter(OncePerRequestFilter.java:117)
	at org.apache.catalina.core.ApplicationFilterChain.internalDoFilter(ApplicationFilterChain.java:189)
	at org.apache.catalina.core.ApplicationFilterChain.doFilter(ApplicationFilterChain.java:162)
	at org.springframework.web.filter.CharacterEncodingFilter.doFilterInternal(CharacterEncodingFilter.java:201)
	at org.springframework.web.filter.OncePerRequestFilter.doFilter(OncePerRequestFilter.java:117)
	at org.apache.catalina.core.ApplicationFilterChain.internalDoFilter(ApplicationFilterChain.java:189)
	at org.apache.catalina.core.ApplicationFilterChain.doFilter(ApplicationFilterChain.java:162)
	at org.apache.catalina.core.StandardWrapperValve.invoke(StandardWrapperValve.java:197)
	at org.apache.catalina.core.StandardContextValve.invoke(StandardContextValve.java:97)
	at org.apache.catalina.authenticator.AuthenticatorBase.invoke(AuthenticatorBase.java:540)
	at org.apache.catalina.core.StandardHostValve.invoke(StandardHostValve.java:135)
	at org.apache.catalina.valves.ErrorReportValve.invoke(ErrorReportValve.java:92)
	at org.apache.catalina.core.StandardEngineValve.invoke(StandardEngineValve.java:78)
	at org.apache.catalina.connector.CoyoteAdapter.service(CoyoteAdapter.java:359)
	at org.apache.coyote.http11.Http11Processor.service(Http11Processor.java:399)
	at org.apache.coyote.AbstractProcessorLight.process(AbstractProcessorLight.java:65)
	at org.apache.coyote.AbstractProtocol$ConnectionHandler.process(AbstractProtocol.java:889)
	at org.apache.tomcat.util.net.NioEndpoint$SocketProcessor.doRun(NioEndpoint.java:1735)
	at org.apache.tomcat.util.net.SocketProcessorBase.run(SocketProcessorBase.java:49)
	at org.apache.tomcat.util.threads.ThreadPoolExecutor.runWorker(ThreadPoolExecutor.java:1191)
	at org.apache.tomcat.util.threads.ThreadPoolExecutor$Worker.run(ThreadPoolExecutor.java:659)
	at org.apache.tomcat.util.threads.TaskThread$WrappingRunnable.run(TaskThread.java:61)
	at java.base/java.lang.Thread.run(Thread.java:833)
"2023-02-01 12:11:46 [http-nio-8081-exec-8] INFO  c.c.a.controller.AuthController - Authentication started....
""2023-02-01 12:11:46 [http-nio-8081-exec-8] ERROR c.c.a.controller.AuthController - Authentication is failed...
""2023-02-01 12:11:46 [http-nio-8081-exec-8] ERROR o.a.c.c.C.[.[.[.[dispatcherServlet] - Servlet.service() for servlet [dispatcherServlet] in context with path [] threw exception [Request processing failed; nested exception is com.cts.authorization.exception.UserNotFoundException: INVALID_CREDENTIALS] with root cause
"com.cts.authorization.exception.UserNotFoundException: INVALID_CREDENTIALS
	at com.cts.authorization.controller.AuthController.authenticate(AuthController.java:67)
	at com.cts.authorization.controller.AuthController.createAuthenticationToken(AuthController.java:47)
	at java.base/jdk.internal.reflect.NativeMethodAccessorImpl.invoke0(Native Method)
	at java.base/jdk.internal.reflect.NativeMethodAccessorImpl.invoke(NativeMethodAccessorImpl.java:77)
	at java.base/jdk.internal.reflect.DelegatingMethodAccessorImpl.invoke(DelegatingMethodAccessorImpl.java:43)
	at java.base/java.lang.reflect.Method.invoke(Method.java:568)
	at org.springframework.web.method.support.InvocableHandlerMethod.doInvoke(InvocableHandlerMethod.java:205)
	at org.springframework.web.method.support.InvocableHandlerMethod.invokeForRequest(InvocableHandlerMethod.java:150)
	at org.springframework.web.servlet.mvc.method.annotation.ServletInvocableHandlerMethod.invokeAndHandle(ServletInvocableHandlerMethod.java:117)
	at org.springframework.web.servlet.mvc.method.annotation.RequestMappingHandlerAdapter.invokeHandlerMethod(RequestMappingHandlerAdapter.java:895)
	at org.springframework.web.servlet.mvc.method.annotation.RequestMappingHandlerAdapter.handleInternal(RequestMappingHandlerAdapter.java:808)
	at org.springframework.web.servlet.mvc.method.AbstractHandlerMethodAdapter.handle(AbstractHandlerMethodAdapter.java:87)
	at org.springframework.web.servlet.DispatcherServlet.doDispatch(DispatcherServlet.java:1067)
	at org.springframework.web.servlet.DispatcherServlet.doService(DispatcherServlet.java:963)
	at org.springframework.web.servlet.FrameworkServlet.processRequest(FrameworkServlet.java:1006)
	at org.springframework.web.servlet.FrameworkServlet.doPost(FrameworkServlet.java:909)
	at javax.servlet.http.HttpServlet.service(HttpServlet.java:681)
	at org.springframework.web.servlet.FrameworkServlet.service(FrameworkServlet.java:883)
	at javax.servlet.http.HttpServlet.service(HttpServlet.java:764)
	at org.apache.catalina.core.ApplicationFilterChain.internalDoFilter(ApplicationFilterChain.java:227)
	at org.apache.catalina.core.ApplicationFilterChain.doFilter(ApplicationFilterChain.java:162)
	at org.apache.tomcat.websocket.server.WsFilter.doFilter(WsFilter.java:53)
	at org.apache.catalina.core.ApplicationFilterChain.internalDoFilter(ApplicationFilterChain.java:189)
	at org.apache.catalina.core.ApplicationFilterChain.doFilter(ApplicationFilterChain.java:162)
	at org.springframework.web.filter.OncePerRequestFilter.doFilter(OncePerRequestFilter.java:111)
	at org.apache.catalina.core.ApplicationFilterChain.internalDoFilter(ApplicationFilterChain.java:189)
	at org.apache.catalina.core.ApplicationFilterChain.doFilter(ApplicationFilterChain.java:162)
	at org.springframework.security.web.FilterChainProxy$VirtualFilterChain.doFilter(FilterChainProxy.java:327)
	at org.springframework.security.web.access.intercept.FilterSecurityInterceptor.invoke(FilterSecurityInterceptor.java:115)
	at org.springframework.security.web.access.intercept.FilterSecurityInterceptor.doFilter(FilterSecurityInterceptor.java:81)
	at org.springframework.security.web.FilterChainProxy$VirtualFilterChain.doFilter(FilterChainProxy.java:336)
	at org.springframework.security.web.access.ExceptionTranslationFilter.doFilter(ExceptionTranslationFilter.java:122)
	at org.springframework.security.web.access.ExceptionTranslationFilter.doFilter(ExceptionTranslationFilter.java:116)
	at org.springframework.security.web.FilterChainProxy$VirtualFilterChain.doFilter(FilterChainProxy.java:336)
	at org.springframework.security.web.session.SessionManagementFilter.doFilter(SessionManagementFilter.java:126)
	at org.springframework.security.web.session.SessionManagementFilter.doFilter(SessionManagementFilter.java:81)
	at org.springframework.security.web.FilterChainProxy$VirtualFilterChain.doFilter(FilterChainProxy.java:336)
	at org.springframework.security.web.authentication.AnonymousAuthenticationFilter.doFilter(AnonymousAuthenticationFilter.java:109)
	at org.springframework.security.web.FilterChainProxy$VirtualFilterChain.doFilter(FilterChainProxy.java:336)
	at org.springframework.security.web.servletapi.SecurityContextHolderAwareRequestFilter.doFilter(SecurityContextHolderAwareRequestFilter.java:149)
	at org.springframework.security.web.FilterChainProxy$VirtualFilterChain.doFilter(FilterChainProxy.java:336)
	at org.springframework.security.web.savedrequest.RequestCacheAwareFilter.doFilter(RequestCacheAwareFilter.java:63)
	at org.springframework.security.web.FilterChainProxy$VirtualFilterChain.doFilter(FilterChainProxy.java:336)
	at com.cts.authorization.util.JwtRequestFilter.doFilterInternal(JwtRequestFilter.java:64)
	at org.springframework.web.filter.OncePerRequestFilter.doFilter(OncePerRequestFilter.java:117)
	at org.springframework.security.web.FilterChainProxy$VirtualFilterChain.doFilter(FilterChainProxy.java:336)
	at org.springframework.security.web.authentication.logout.LogoutFilter.doFilter(LogoutFilter.java:103)
	at org.springframework.security.web.authentication.logout.LogoutFilter.doFilter(LogoutFilter.java:89)
	at org.springframework.security.web.FilterChainProxy$VirtualFilterChain.doFilter(FilterChainProxy.java:336)
	at org.springframework.security.web.header.HeaderWriterFilter.doHeadersAfter(HeaderWriterFilter.java:90)
	at org.springframework.security.web.header.HeaderWriterFilter.doFilterInternal(HeaderWriterFilter.java:75)
	at org.springframework.web.filter.OncePerRequestFilter.doFilter(OncePerRequestFilter.java:117)
	at org.springframework.security.web.FilterChainProxy$VirtualFilterChain.doFilter(FilterChainProxy.java:336)
	at org.springframework.security.web.context.SecurityContextPersistenceFilter.doFilter(SecurityContextPersistenceFilter.java:110)
	at org.springframework.security.web.context.SecurityContextPersistenceFilter.doFilter(SecurityContextPersistenceFilter.java:80)
	at org.springframework.security.web.FilterChainProxy$VirtualFilterChain.doFilter(FilterChainProxy.java:336)
	at org.springframework.security.web.context.request.async.WebAsyncManagerIntegrationFilter.doFilterInternal(WebAsyncManagerIntegrationFilter.java:55)
	at org.springframework.web.filter.OncePerRequestFilter.doFilter(OncePerRequestFilter.java:117)
	at org.springframework.security.web.FilterChainProxy$VirtualFilterChain.doFilter(FilterChainProxy.java:336)
	at org.springframework.security.web.FilterChainProxy.doFilterInternal(FilterChainProxy.java:211)
	at org.springframework.security.web.FilterChainProxy.doFilter(FilterChainProxy.java:183)
	at org.springframework.web.filter.DelegatingFilterProxy.invokeDelegate(DelegatingFilterProxy.java:354)
	at org.springframework.web.filter.DelegatingFilterProxy.doFilter(DelegatingFilterProxy.java:267)
	at org.apache.catalina.core.ApplicationFilterChain.internalDoFilter(ApplicationFilterChain.java:189)
	at org.apache.catalina.core.ApplicationFilterChain.doFilter(ApplicationFilterChain.java:162)
	at org.springframework.web.filter.RequestContextFilter.doFilterInternal(RequestContextFilter.java:100)
	at org.springframework.web.filter.OncePerRequestFilter.doFilter(OncePerRequestFilter.java:117)
	at org.apache.catalina.core.ApplicationFilterChain.internalDoFilter(ApplicationFilterChain.java:189)
	at org.apache.catalina.core.ApplicationFilterChain.doFilter(ApplicationFilterChain.java:162)
	at org.springframework.web.filter.FormContentFilter.doFilterInternal(FormContentFilter.java:93)
	at org.springframework.web.filter.OncePerRequestFilter.doFilter(OncePerRequestFilter.java:117)
	at org.apache.catalina.core.ApplicationFilterChain.internalDoFilter(ApplicationFilterChain.java:189)
	at org.apache.catalina.core.ApplicationFilterChain.doFilter(ApplicationFilterChain.java:162)
	at org.springframework.web.filter.CharacterEncodingFilter.doFilterInternal(CharacterEncodingFilter.java:201)
	at org.springframework.web.filter.OncePerRequestFilter.doFilter(OncePerRequestFilter.java:117)
	at org.apache.catalina.core.ApplicationFilterChain.internalDoFilter(ApplicationFilterChain.java:189)
	at org.apache.catalina.core.ApplicationFilterChain.doFilter(ApplicationFilterChain.java:162)
	at org.apache.catalina.core.StandardWrapperValve.invoke(StandardWrapperValve.java:197)
	at org.apache.catalina.core.StandardContextValve.invoke(StandardContextValve.java:97)
	at org.apache.catalina.authenticator.AuthenticatorBase.invoke(AuthenticatorBase.java:540)
	at org.apache.catalina.core.StandardHostValve.invoke(StandardHostValve.java:135)
	at org.apache.catalina.valves.ErrorReportValve.invoke(ErrorReportValve.java:92)
	at org.apache.catalina.core.StandardEngineValve.invoke(StandardEngineValve.java:78)
	at org.apache.catalina.connector.CoyoteAdapter.service(CoyoteAdapter.java:359)
	at org.apache.coyote.http11.Http11Processor.service(Http11Processor.java:399)
	at org.apache.coyote.AbstractProcessorLight.process(AbstractProcessorLight.java:65)
	at org.apache.coyote.AbstractProtocol$ConnectionHandler.process(AbstractProtocol.java:889)
	at org.apache.tomcat.util.net.NioEndpoint$SocketProcessor.doRun(NioEndpoint.java:1735)
	at org.apache.tomcat.util.net.SocketProcessorBase.run(SocketProcessorBase.java:49)
	at org.apache.tomcat.util.threads.ThreadPoolExecutor.runWorker(ThreadPoolExecutor.java:1191)
	at org.apache.tomcat.util.threads.ThreadPoolExecutor$Worker.run(ThreadPoolExecutor.java:659)
	at org.apache.tomcat.util.threads.TaskThread$WrappingRunnable.run(TaskThread.java:61)
	at java.base/java.lang.Thread.run(Thread.java:833)
"2023-02-01 12:11:54 [http-nio-8081-exec-3] INFO  c.c.a.controller.AuthController - Authentication started....
""2023-02-01 12:11:54 [http-nio-8081-exec-3] INFO  c.c.a.controller.AuthController - Authentication successfully..
""2023-02-01 12:11:54 [http-nio-8081-exec-3] INFO  c.c.a.controller.AuthController - Received request to generate token for Shrinidhi
""2023-02-01 12:11:54 [http-nio-8081-exec-3] INFO  c.c.a.controller.AuthController - message
""2023-02-01 12:26:42 [http-nio-8081-exec-9] INFO  c.c.a.controller.AuthController - Authentication started....
""2023-02-01 12:26:42 [http-nio-8081-exec-9] INFO  c.c.a.controller.AuthController - Authentication successfully..
""2023-02-01 12:26:42 [http-nio-8081-exec-9] INFO  c.c.a.controller.AuthController - Received request to generate token for Shrinidhi
""2023-02-01 12:26:42 [http-nio-8081-exec-9] INFO  c.c.a.controller.AuthController - message
""2023-02-01 12:27:04 [http-nio-8081-exec-5] INFO  c.c.a.controller.AuthController - Authentication started....
""2023-02-01 12:27:04 [http-nio-8081-exec-5] INFO  c.c.a.controller.AuthController - Authentication successfully..
""2023-02-01 12:27:04 [http-nio-8081-exec-5] INFO  c.c.a.controller.AuthController - Received request to generate token for Shrinidhi
""2023-02-01 12:27:04 [http-nio-8081-exec-5] INFO  c.c.a.controller.AuthController - message
""2023-02-01 12:36:27 [http-nio-8081-exec-4] INFO  c.c.a.controller.AuthController - Authentication started....
""2023-02-01 12:36:27 [http-nio-8081-exec-4] INFO  c.c.a.controller.AuthController - Authentication successfully..
""2023-02-01 12:36:27 [http-nio-8081-exec-4] INFO  c.c.a.controller.AuthController - Received request to generate token for Shrinidhi
""2023-02-01 12:36:27 [http-nio-8081-exec-4] INFO  c.c.a.controller.AuthController - message
""2023-02-01 12:40:48 [http-nio-8081-exec-6] INFO  c.c.a.controller.AuthController - Authentication started....
""2023-02-01 12:40:48 [http-nio-8081-exec-6] INFO  c.c.a.controller.AuthController - Authentication successfully..
""2023-02-01 12:40:48 [http-nio-8081-exec-6] INFO  c.c.a.controller.AuthController - Received request to generate token for Shrinidhi
""2023-02-01 12:40:48 [http-nio-8081-exec-6] INFO  c.c.a.controller.AuthController - message
""2023-02-01 12:43:12 [http-nio-8081-exec-3] INFO  c.c.a.controller.AuthController - Authentication started....
""2023-02-01 12:43:12 [http-nio-8081-exec-3] INFO  c.c.a.controller.AuthController - Authentication successfully..
""2023-02-01 12:43:12 [http-nio-8081-exec-3] INFO  c.c.a.controller.AuthController - Received request to generate token for Shrinidhi
""2023-02-01 12:43:12 [http-nio-8081-exec-3] INFO  c.c.a.controller.AuthController - message
""2023-02-01 12:45:33 [http-nio-8081-exec-9] INFO  c.c.a.controller.AuthController - Authentication started....
""2023-02-01 12:45:33 [http-nio-8081-exec-9] INFO  c.c.a.controller.AuthController - Authentication successfully..
""2023-02-01 12:45:33 [http-nio-8081-exec-9] INFO  c.c.a.controller.AuthController - Received request to generate token for Shrinidhi
""2023-02-01 12:45:33 [http-nio-8081-exec-9] INFO  c.c.a.controller.AuthController - message
""2023-02-01 13:16:30 [RMI TCP Connection(144)-127.0.0.1] INFO  o.s.b.a.SpringApplicationAdminMXBeanRegistrar$SpringApplicationAdmin - Application shutdown requested.
""2023-02-01 13:16:30 [RMI TCP Connection(144)-127.0.0.1] INFO  o.s.o.j.LocalContainerEntityManagerFactoryBean - Closing JPA EntityManagerFactory for persistence unit 'default'
""2023-02-01 13:16:31 [RMI TCP Connection(144)-127.0.0.1] WARN  o.s.b.f.s.DisposableBeanAdapter - Invocation of destroy method failed on bean with name 'inMemoryDatabaseShutdownExecutor': org.h2.jdbc.JdbcSQLNonTransientConnectionException: Database is already closed (to disable automatic closing at VM shutdown, add ";DB_CLOSE_ON_EXIT=FALSE" to the db URL) [90121-200]
""2023-02-01 13:16:31 [RMI TCP Connection(144)-127.0.0.1] INFO  com.zaxxer.hikari.HikariDataSource - HikariPool-1 - Shutdown initiated...
""2023-02-01 13:16:31 [RMI TCP Connection(144)-127.0.0.1] INFO  com.zaxxer.hikari.HikariDataSource - HikariPool-1 - Shutdown completed.
""2023-02-01 13:16:31 [restartedMain] INFO  c.c.a.AuthorizationApplication - Starting AuthorizationApplication using Java 17.0.4.1 on DESKTOP-IVTPVRU with PID 2308 (D:\Prodigi team A\Prodigi-Lions-Club\Backend\Authorization\target\classes started by holla in D:\Prodigi team A\Prodigi-Lions-Club\Backend\Authorization)
""2023-02-01 13:16:31 [restartedMain] INFO  c.c.a.AuthorizationApplication - No active profile set, falling back to 1 default profile: "default"
""2023-02-01 13:16:32 [restartedMain] INFO  o.s.d.r.c.RepositoryConfigurationDelegate - Bootstrapping Spring Data JPA repositories in DEFAULT mode.
""2023-02-01 13:16:32 [restartedMain] INFO  o.s.d.r.c.RepositoryConfigurationDelegate - Finished Spring Data repository scanning in 6 ms. Found 1 JPA repository interfaces.
""2023-02-01 13:16:32 [restartedMain] INFO  o.s.b.w.e.tomcat.TomcatWebServer - Tomcat initialized with port(s): 8081 (http)
""2023-02-01 13:16:32 [restartedMain] INFO  o.a.catalina.core.StandardService - Starting service [Tomcat]
""2023-02-01 13:16:32 [restartedMain] INFO  o.a.catalina.core.StandardEngine - Starting Servlet engine: [Apache Tomcat/9.0.58]
""2023-02-01 13:16:32 [restartedMain] INFO  o.a.c.c.C.[Tomcat].[localhost].[/] - Initializing Spring embedded WebApplicationContext
""2023-02-01 13:16:32 [restartedMain] INFO  o.s.b.w.s.c.ServletWebServerApplicationContext - Root WebApplicationContext: initialization completed in 450 ms
""2023-02-01 13:16:32 [restartedMain] INFO  com.zaxxer.hikari.HikariDataSource - HikariPool-2 - Starting...
""2023-02-01 13:16:32 [restartedMain] INFO  com.zaxxer.hikari.HikariDataSource - HikariPool-2 - Start completed.
""2023-02-01 13:16:32 [restartedMain] INFO  o.s.b.a.h.H2ConsoleAutoConfiguration - H2 console available at '/h2'. Database available at 'jdbc:h2:mem:pms'
""2023-02-01 13:16:32 [restartedMain] INFO  o.h.jpa.internal.util.LogHelper - HHH000204: Processing PersistenceUnitInfo [name: default]
""2023-02-01 13:16:32 [restartedMain] INFO  org.hibernate.dialect.Dialect - HHH000400: Using dialect: org.hibernate.dialect.H2Dialect
""2023-02-01 13:16:32 [restartedMain] INFO  o.h.e.t.j.p.i.JtaPlatformInitiator - HHH000490: Using JtaPlatform implementation: [org.hibernate.engine.transaction.jta.platform.internal.NoJtaPlatform]
""2023-02-01 13:16:32 [restartedMain] INFO  o.s.o.j.LocalContainerEntityManagerFactoryBean - Initialized JPA EntityManagerFactory for persistence unit 'default'
""2023-02-01 13:16:32 [restartedMain] WARN  o.s.b.a.o.j.JpaBaseConfiguration$JpaWebConfiguration - spring.jpa.open-in-view is enabled by default. Therefore, database queries may be performed during view rendering. Explicitly configure spring.jpa.open-in-view to disable this warning
""2023-02-01 13:16:32 [restartedMain] INFO  o.s.s.web.DefaultSecurityFilterChain - Will not secure any request
""2023-02-01 13:16:32 [restartedMain] INFO  o.s.b.d.a.OptionalLiveReloadServer - LiveReload server is running on port 35729
""2023-02-01 13:16:32 [restartedMain] INFO  o.s.b.w.e.tomcat.TomcatWebServer - Tomcat started on port(s): 8081 (http) with context path ''
""2023-02-01 13:16:32 [restartedMain] INFO  c.c.a.AuthorizationApplication - Started AuthorizationApplication in 0.867 seconds (JVM running for 8019.84)
""2023-02-01 13:16:32 [restartedMain] INFO  o.s.b.d.a.ConditionEvaluationDeltaLoggingListener - Condition evaluation unchanged
""2023-02-01 14:04:15 [restartedMain] INFO  c.c.a.AuthorizationApplication - Starting AuthorizationApplication using Java 17.0.4.1 on DESKTOP-IVTPVRU with PID 17836 (D:\Prodigi team A\Prodigi-Lions-Club\Backend\Authorization\target\classes started by holla in D:\Prodigi team A\Prodigi-Lions-Club\Backend\Authorization)
""2023-02-01 14:04:15 [restartedMain] INFO  c.c.a.AuthorizationApplication - No active profile set, falling back to 1 default profile: "default"
""2023-02-01 14:04:15 [restartedMain] INFO  o.s.b.d.e.DevToolsPropertyDefaultsPostProcessor - Devtools property defaults active! Set 'spring.devtools.add-properties' to 'false' to disable
""2023-02-01 14:04:15 [restartedMain] INFO  o.s.b.d.e.DevToolsPropertyDefaultsPostProcessor - For additional web related logging consider setting the 'logging.level.web' property to 'DEBUG'
""2023-02-01 14:04:15 [restartedMain] INFO  o.s.d.r.c.RepositoryConfigurationDelegate - Bootstrapping Spring Data JPA repositories in DEFAULT mode.
""2023-02-01 14:04:15 [restartedMain] INFO  o.s.d.r.c.RepositoryConfigurationDelegate - Finished Spring Data repository scanning in 37 ms. Found 1 JPA repository interfaces.
""2023-02-01 14:04:16 [restartedMain] INFO  o.s.b.w.e.tomcat.TomcatWebServer - Tomcat initialized with port(s): 8081 (http)
""2023-02-01 14:04:16 [restartedMain] INFO  o.a.catalina.core.StandardService - Starting service [Tomcat]
""2023-02-01 14:04:16 [restartedMain] INFO  o.a.catalina.core.StandardEngine - Starting Servlet engine: [Apache Tomcat/9.0.58]
""2023-02-01 14:04:16 [restartedMain] INFO  o.a.c.c.C.[Tomcat].[localhost].[/] - Initializing Spring embedded WebApplicationContext
""2023-02-01 14:04:16 [restartedMain] INFO  o.s.b.w.s.c.ServletWebServerApplicationContext - Root WebApplicationContext: initialization completed in 1467 ms
""2023-02-01 14:04:16 [restartedMain] INFO  com.zaxxer.hikari.HikariDataSource - HikariPool-1 - Starting...
""2023-02-01 14:04:16 [restartedMain] INFO  com.zaxxer.hikari.HikariDataSource - HikariPool-1 - Start completed.
""2023-02-01 14:04:16 [restartedMain] INFO  o.s.b.a.h.H2ConsoleAutoConfiguration - H2 console available at '/h2'. Database available at 'jdbc:h2:mem:pms'
""2023-02-01 14:04:16 [restartedMain] INFO  o.h.jpa.internal.util.LogHelper - HHH000204: Processing PersistenceUnitInfo [name: default]
""2023-02-01 14:04:16 [restartedMain] INFO  org.hibernate.Version - HHH000412: Hibernate ORM core version 5.6.5.Final
""2023-02-01 14:04:17 [restartedMain] INFO  o.h.annotations.common.Version - HCANN000001: Hibernate Commons Annotations {5.1.2.Final}
""2023-02-01 14:04:17 [restartedMain] INFO  org.hibernate.dialect.Dialect - HHH000400: Using dialect: org.hibernate.dialect.H2Dialect
""2023-02-01 14:04:17 [restartedMain] INFO  o.h.e.t.j.p.i.JtaPlatformInitiator - HHH000490: Using JtaPlatform implementation: [org.hibernate.engine.transaction.jta.platform.internal.NoJtaPlatform]
""2023-02-01 14:04:17 [restartedMain] INFO  o.s.o.j.LocalContainerEntityManagerFactoryBean - Initialized JPA EntityManagerFactory for persistence unit 'default'
""2023-02-01 14:04:18 [restartedMain] WARN  o.s.b.a.o.j.JpaBaseConfiguration$JpaWebConfiguration - spring.jpa.open-in-view is enabled by default. Therefore, database queries may be performed during view rendering. Explicitly configure spring.jpa.open-in-view to disable this warning
""2023-02-01 14:04:18 [restartedMain] INFO  o.s.s.web.DefaultSecurityFilterChain - Will not secure any request
""2023-02-01 14:04:18 [restartedMain] INFO  o.s.b.d.a.OptionalLiveReloadServer - LiveReload server is running on port 35729
""2023-02-01 14:04:18 [restartedMain] INFO  o.s.b.w.e.tomcat.TomcatWebServer - Tomcat started on port(s): 8081 (http) with context path ''
""2023-02-01 14:04:18 [restartedMain] INFO  c.c.a.AuthorizationApplication - Started AuthorizationApplication in 4.056 seconds (JVM running for 4.847)
""2023-02-01 14:05:28 [http-nio-8081-exec-1] INFO  o.a.c.c.C.[Tomcat].[localhost].[/] - Initializing Spring DispatcherServlet 'dispatcherServlet'
""2023-02-01 14:05:28 [http-nio-8081-exec-1] INFO  o.s.web.servlet.DispatcherServlet - Initializing Servlet 'dispatcherServlet'
""2023-02-01 14:05:28 [http-nio-8081-exec-1] INFO  o.s.web.servlet.DispatcherServlet - Completed initialization in 2 ms
""2023-02-01 14:06:03 [http-nio-8081-exec-2] INFO  c.c.a.controller.AuthController - Authentication started....
""2023-02-01 14:06:03 [http-nio-8081-exec-2] INFO  c.c.a.controller.AuthController - Authentication successfully..
""2023-02-01 14:06:03 [http-nio-8081-exec-2] INFO  c.c.a.controller.AuthController - Received request to generate token for Karthik
""2023-02-01 14:06:03 [http-nio-8081-exec-2] INFO  c.c.a.controller.AuthController - message
""2023-02-01 14:06:17 [http-nio-8081-exec-6] INFO  c.c.a.util.JwtRequestFilter - SecurityContextHolder was null!!!
""2023-02-01 14:06:17 [http-nio-8081-exec-6] INFO  c.c.a.controller.AuthController - Getting userId by token...
""2023-02-01 14:07:45 [Thread-5] INFO  o.s.o.j.LocalContainerEntityManagerFactoryBean - Closing JPA EntityManagerFactory for persistence unit 'default'
""2023-02-01 14:07:45 [Thread-5] WARN  o.s.b.f.s.DisposableBeanAdapter - Invocation of destroy method failed on bean with name 'inMemoryDatabaseShutdownExecutor': org.h2.jdbc.JdbcSQLNonTransientConnectionException: Database is already closed (to disable automatic closing at VM shutdown, add ";DB_CLOSE_ON_EXIT=FALSE" to the db URL) [90121-200]
""2023-02-01 14:07:45 [Thread-5] INFO  com.zaxxer.hikari.HikariDataSource - HikariPool-1 - Shutdown initiated...
""2023-02-01 14:07:45 [Thread-5] INFO  com.zaxxer.hikari.HikariDataSource - HikariPool-1 - Shutdown completed.
""2023-02-01 14:07:45 [restartedMain] INFO  c.c.a.AuthorizationApplication - Starting AuthorizationApplication using Java 17.0.4.1 on DESKTOP-IVTPVRU with PID 17836 (D:\Prodigi team A\Prodigi-Lions-Club\Backend\Authorization\target\classes started by holla in D:\Prodigi team A\Prodigi-Lions-Club\Backend\Authorization)
""2023-02-01 14:07:45 [restartedMain] INFO  c.c.a.AuthorizationApplication - No active profile set, falling back to 1 default profile: "default"
""2023-02-01 14:07:45 [restartedMain] INFO  o.s.d.r.c.RepositoryConfigurationDelegate - Bootstrapping Spring Data JPA repositories in DEFAULT mode.
""2023-02-01 14:07:45 [restartedMain] INFO  o.s.d.r.c.RepositoryConfigurationDelegate - Finished Spring Data repository scanning in 6 ms. Found 1 JPA repository interfaces.
""2023-02-01 14:07:45 [restartedMain] INFO  o.s.b.w.e.tomcat.TomcatWebServer - Tomcat initialized with port(s): 8081 (http)
""2023-02-01 14:07:45 [restartedMain] INFO  o.a.catalina.core.StandardService - Starting service [Tomcat]
""2023-02-01 14:07:45 [restartedMain] INFO  o.a.catalina.core.StandardEngine - Starting Servlet engine: [Apache Tomcat/9.0.58]
""2023-02-01 14:07:45 [restartedMain] INFO  o.a.c.c.C.[Tomcat].[localhost].[/] - Initializing Spring embedded WebApplicationContext
""2023-02-01 14:07:45 [restartedMain] INFO  o.s.b.w.s.c.ServletWebServerApplicationContext - Root WebApplicationContext: initialization completed in 377 ms
""2023-02-01 14:07:45 [restartedMain] INFO  com.zaxxer.hikari.HikariDataSource - HikariPool-2 - Starting...
""2023-02-01 14:07:45 [restartedMain] INFO  com.zaxxer.hikari.HikariDataSource - HikariPool-2 - Start completed.
""2023-02-01 14:07:45 [restartedMain] INFO  o.s.b.a.h.H2ConsoleAutoConfiguration - H2 console available at '/h2'. Database available at 'jdbc:h2:mem:lcp'
""2023-02-01 14:07:45 [restartedMain] INFO  o.h.jpa.internal.util.LogHelper - HHH000204: Processing PersistenceUnitInfo [name: default]
""2023-02-01 14:07:45 [restartedMain] INFO  org.hibernate.dialect.Dialect - HHH000400: Using dialect: org.hibernate.dialect.H2Dialect
""2023-02-01 14:07:46 [restartedMain] INFO  o.h.e.t.j.p.i.JtaPlatformInitiator - HHH000490: Using JtaPlatform implementation: [org.hibernate.engine.transaction.jta.platform.internal.NoJtaPlatform]
""2023-02-01 14:07:46 [restartedMain] INFO  o.s.o.j.LocalContainerEntityManagerFactoryBean - Initialized JPA EntityManagerFactory for persistence unit 'default'
""2023-02-01 14:07:46 [restartedMain] WARN  o.s.b.a.o.j.JpaBaseConfiguration$JpaWebConfiguration - spring.jpa.open-in-view is enabled by default. Therefore, database queries may be performed during view rendering. Explicitly configure spring.jpa.open-in-view to disable this warning
""2023-02-01 14:07:46 [restartedMain] INFO  o.s.s.web.DefaultSecurityFilterChain - Will not secure any request
""2023-02-01 14:07:46 [restartedMain] INFO  o.s.b.d.a.OptionalLiveReloadServer - LiveReload server is running on port 35729
""2023-02-01 14:07:46 [restartedMain] INFO  o.s.b.w.e.tomcat.TomcatWebServer - Tomcat started on port(s): 8081 (http) with context path ''
""2023-02-01 14:07:46 [restartedMain] INFO  c.c.a.AuthorizationApplication - Started AuthorizationApplication in 0.72 seconds (JVM running for 212.332)
""2023-02-01 14:07:46 [restartedMain] INFO  o.s.b.d.a.ConditionEvaluationDeltaLoggingListener - Condition evaluation unchanged
""2023-02-01 14:07:50 [http-nio-8081-exec-3] INFO  o.a.c.c.C.[Tomcat].[localhost].[/] - Initializing Spring DispatcherServlet 'dispatcherServlet'
""2023-02-01 14:07:50 [http-nio-8081-exec-3] INFO  o.s.web.servlet.DispatcherServlet - Initializing Servlet 'dispatcherServlet'
""2023-02-01 14:07:50 [http-nio-8081-exec-3] INFO  o.s.web.servlet.DispatcherServlet - Completed initialization in 1 ms
""2023-02-01 14:29:58 [Thread-8] INFO  o.s.o.j.LocalContainerEntityManagerFactoryBean - Closing JPA EntityManagerFactory for persistence unit 'default'
""2023-02-01 14:29:58 [Thread-8] WARN  o.s.b.f.s.DisposableBeanAdapter - Invocation of destroy method failed on bean with name 'inMemoryDatabaseShutdownExecutor': org.h2.jdbc.JdbcSQLNonTransientConnectionException: Database is already closed (to disable automatic closing at VM shutdown, add ";DB_CLOSE_ON_EXIT=FALSE" to the db URL) [90121-200]
""2023-02-01 14:29:58 [Thread-8] INFO  com.zaxxer.hikari.HikariDataSource - HikariPool-2 - Shutdown initiated...
""2023-02-01 14:29:58 [Thread-8] INFO  com.zaxxer.hikari.HikariDataSource - HikariPool-2 - Shutdown completed.
""2023-02-01 14:29:58 [restartedMain] INFO  c.c.a.AuthorizationApplication - Starting AuthorizationApplication using Java 17.0.4.1 on DESKTOP-IVTPVRU with PID 17836 (D:\Prodigi team A\Prodigi-Lions-Club\Backend\Authorization\target\classes started by holla in D:\Prodigi team A\Prodigi-Lions-Club\Backend\Authorization)
""2023-02-01 14:29:58 [restartedMain] INFO  c.c.a.AuthorizationApplication - No active profile set, falling back to 1 default profile: "default"
""2023-02-01 14:29:58 [restartedMain] INFO  o.s.d.r.c.RepositoryConfigurationDelegate - Bootstrapping Spring Data JPA repositories in DEFAULT mode.
""2023-02-01 14:29:58 [restartedMain] INFO  o.s.d.r.c.RepositoryConfigurationDelegate - Finished Spring Data repository scanning in 6 ms. Found 1 JPA repository interfaces.
""2023-02-01 14:29:58 [restartedMain] INFO  o.s.b.w.e.tomcat.TomcatWebServer - Tomcat initialized with port(s): 8081 (http)
""2023-02-01 14:29:58 [restartedMain] INFO  o.a.catalina.core.StandardService - Starting service [Tomcat]
""2023-02-01 14:29:58 [restartedMain] INFO  o.a.catalina.core.StandardEngine - Starting Servlet engine: [Apache Tomcat/9.0.58]
""2023-02-01 14:29:58 [restartedMain] INFO  o.a.c.c.C.[Tomcat].[localhost].[/] - Initializing Spring embedded WebApplicationContext
""2023-02-01 14:29:58 [restartedMain] INFO  o.s.b.w.s.c.ServletWebServerApplicationContext - Root WebApplicationContext: initialization completed in 348 ms
""2023-02-01 14:29:58 [restartedMain] INFO  com.zaxxer.hikari.HikariDataSource - HikariPool-3 - Starting...
""2023-02-01 14:29:58 [restartedMain] INFO  com.zaxxer.hikari.HikariDataSource - HikariPool-3 - Start completed.
""2023-02-01 14:29:58 [restartedMain] INFO  o.s.b.a.h.H2ConsoleAutoConfiguration - H2 console available at '/h2'. Database available at 'jdbc:h2:mem:lcp'
""2023-02-01 14:29:58 [restartedMain] INFO  o.h.jpa.internal.util.LogHelper - HHH000204: Processing PersistenceUnitInfo [name: default]
""2023-02-01 14:29:58 [restartedMain] INFO  org.hibernate.dialect.Dialect - HHH000400: Using dialect: org.hibernate.dialect.H2Dialect
""2023-02-01 14:29:58 [restartedMain] INFO  o.h.e.t.j.p.i.JtaPlatformInitiator - HHH000490: Using JtaPlatform implementation: [org.hibernate.engine.transaction.jta.platform.internal.NoJtaPlatform]
""2023-02-01 14:29:58 [restartedMain] INFO  o.s.o.j.LocalContainerEntityManagerFactoryBean - Initialized JPA EntityManagerFactory for persistence unit 'default'
""2023-02-01 14:29:59 [restartedMain] WARN  o.s.b.a.o.j.JpaBaseConfiguration$JpaWebConfiguration - spring.jpa.open-in-view is enabled by default. Therefore, database queries may be performed during view rendering. Explicitly configure spring.jpa.open-in-view to disable this warning
""2023-02-01 14:29:59 [restartedMain] INFO  o.s.s.web.DefaultSecurityFilterChain - Will not secure any request
""2023-02-01 14:29:59 [restartedMain] INFO  o.s.b.d.a.OptionalLiveReloadServer - LiveReload server is running on port 35729
""2023-02-01 14:29:59 [restartedMain] INFO  o.s.b.w.e.tomcat.TomcatWebServer - Tomcat started on port(s): 8081 (http) with context path ''
""2023-02-01 14:29:59 [restartedMain] INFO  c.c.a.AuthorizationApplication - Started AuthorizationApplication in 0.686 seconds (JVM running for 1545.272)
""2023-02-01 14:29:59 [restartedMain] INFO  o.s.b.d.a.ConditionEvaluationDeltaLoggingListener - Condition evaluation unchanged
""2023-02-01 14:34:31 [http-nio-8081-exec-10] INFO  o.a.c.c.C.[Tomcat].[localhost].[/] - Initializing Spring DispatcherServlet 'dispatcherServlet'
""2023-02-01 14:34:31 [http-nio-8081-exec-10] INFO  o.s.web.servlet.DispatcherServlet - Initializing Servlet 'dispatcherServlet'
""2023-02-01 14:34:31 [http-nio-8081-exec-10] INFO  o.s.web.servlet.DispatcherServlet - Completed initialization in 1 ms
""2023-02-01 14:34:31 [http-nio-8081-exec-1] INFO  c.c.a.controller.AuthController - Authentication started....
""2023-02-01 14:34:31 [http-nio-8081-exec-1] INFO  c.c.a.controller.AuthController - Authentication successfully..
""2023-02-01 14:34:31 [http-nio-8081-exec-1] INFO  c.c.a.controller.AuthController - Received request to generate token for Shrinidhi
""2023-02-01 14:34:31 [http-nio-8081-exec-1] INFO  c.c.a.controller.AuthController - message
""2023-02-01 14:35:30 [http-nio-8081-exec-3] INFO  c.c.a.controller.AuthController - Authentication started....
""2023-02-01 14:35:30 [http-nio-8081-exec-3] INFO  c.c.a.controller.AuthController - Authentication successfully..
""2023-02-01 14:35:30 [http-nio-8081-exec-3] INFO  c.c.a.controller.AuthController - Received request to generate token for Shrinidhi
""2023-02-01 14:35:30 [http-nio-8081-exec-3] INFO  c.c.a.controller.AuthController - message
""2023-02-01 14:36:56 [http-nio-8081-exec-6] INFO  c.c.a.controller.AuthController - Authentication started....
""2023-02-01 14:36:56 [http-nio-8081-exec-6] INFO  c.c.a.controller.AuthController - Authentication successfully..
""2023-02-01 14:36:56 [http-nio-8081-exec-6] INFO  c.c.a.controller.AuthController - Received request to generate token for Shrinidhi
""2023-02-01 14:36:56 [http-nio-8081-exec-6] INFO  c.c.a.controller.AuthController - message
""2023-02-01 14:37:26 [http-nio-8081-exec-7] INFO  c.c.a.controller.AuthController - Authentication started....
""2023-02-01 14:37:26 [http-nio-8081-exec-7] INFO  c.c.a.controller.AuthController - Authentication successfully..
""2023-02-01 14:37:26 [http-nio-8081-exec-7] INFO  c.c.a.controller.AuthController - Received request to generate token for Shrinidhi
""2023-02-01 14:37:26 [http-nio-8081-exec-7] INFO  c.c.a.controller.AuthController - message
""2023-02-01 14:37:47 [http-nio-8081-exec-5] INFO  c.c.a.controller.AuthController - Authentication started....
""2023-02-01 14:37:47 [http-nio-8081-exec-5] INFO  c.c.a.controller.AuthController - Authentication successfully..
""2023-02-01 14:37:47 [http-nio-8081-exec-5] INFO  c.c.a.controller.AuthController - Received request to generate token for Shrinidhi
""2023-02-01 14:37:47 [http-nio-8081-exec-5] INFO  c.c.a.controller.AuthController - message
""2023-02-01 14:38:25 [http-nio-8081-exec-8] INFO  c.c.a.controller.AuthController - Authentication started....
""2023-02-01 14:38:25 [http-nio-8081-exec-8] INFO  c.c.a.controller.AuthController - Authentication successfully..
""2023-02-01 14:38:25 [http-nio-8081-exec-8] INFO  c.c.a.controller.AuthController - Received request to generate token for Shrinidhi
""2023-02-01 14:38:25 [http-nio-8081-exec-8] INFO  c.c.a.controller.AuthController - message
""2023-02-01 14:39:22 [http-nio-8081-exec-9] INFO  c.c.a.controller.AuthController - Authentication started....
""2023-02-01 14:39:22 [http-nio-8081-exec-9] INFO  c.c.a.controller.AuthController - Authentication successfully..
""2023-02-01 14:39:22 [http-nio-8081-exec-9] INFO  c.c.a.controller.AuthController - Received request to generate token for Shrinidhi
""2023-02-01 14:39:22 [http-nio-8081-exec-9] INFO  c.c.a.controller.AuthController - message
""2023-02-01 14:40:19 [http-nio-8081-exec-4] INFO  c.c.a.controller.AuthController - Authentication started....
""2023-02-01 14:40:19 [http-nio-8081-exec-4] INFO  c.c.a.controller.AuthController - Authentication successfully..
""2023-02-01 14:40:19 [http-nio-8081-exec-4] INFO  c.c.a.controller.AuthController - Received request to generate token for Shrinidhi
""2023-02-01 14:40:19 [http-nio-8081-exec-4] INFO  c.c.a.controller.AuthController - message
""2023-02-01 14:45:50 [http-nio-8081-exec-1] INFO  c.c.a.controller.AuthController - Authentication started....
""2023-02-01 14:45:50 [http-nio-8081-exec-1] INFO  c.c.a.controller.AuthController - Authentication successfully..
""2023-02-01 14:45:50 [http-nio-8081-exec-1] INFO  c.c.a.controller.AuthController - Received request to generate token for Shrinidhi
""2023-02-01 14:45:50 [http-nio-8081-exec-1] INFO  c.c.a.controller.AuthController - message
""2023-02-01 14:47:40 [http-nio-8081-exec-2] INFO  c.c.a.controller.AuthController - Authentication started....
""2023-02-01 14:47:40 [http-nio-8081-exec-2] INFO  c.c.a.controller.AuthController - Authentication successfully..
""2023-02-01 14:47:40 [http-nio-8081-exec-2] INFO  c.c.a.controller.AuthController - Received request to generate token for Shrinidhi
""2023-02-01 14:47:40 [http-nio-8081-exec-2] INFO  c.c.a.controller.AuthController - message
""2023-02-01 15:49:12 [RMI TCP Connection(141)-127.0.0.1] INFO  o.s.b.a.SpringApplicationAdminMXBeanRegistrar$SpringApplicationAdmin - Application shutdown requested.
""2023-02-01 15:49:12 [RMI TCP Connection(141)-127.0.0.1] INFO  o.s.o.j.LocalContainerEntityManagerFactoryBean - Closing JPA EntityManagerFactory for persistence unit 'default'
""2023-02-01 15:49:13 [RMI TCP Connection(141)-127.0.0.1] WARN  o.s.b.f.s.DisposableBeanAdapter - Invocation of destroy method failed on bean with name 'inMemoryDatabaseShutdownExecutor': org.h2.jdbc.JdbcSQLNonTransientConnectionException: Database is already closed (to disable automatic closing at VM shutdown, add ";DB_CLOSE_ON_EXIT=FALSE" to the db URL) [90121-200]
""2023-02-01 15:49:13 [RMI TCP Connection(141)-127.0.0.1] INFO  com.zaxxer.hikari.HikariDataSource - HikariPool-3 - Shutdown initiated...
""2023-02-01 15:49:13 [RMI TCP Connection(141)-127.0.0.1] INFO  com.zaxxer.hikari.HikariDataSource - HikariPool-3 - Shutdown completed.
"